<?xml version="1.0" encoding="UTF-8"?>
<coverage generated="1691674648982" clover="3.2.0">
  <project timestamp="1691674648983" name="All files">
    <metrics statements="21" coveredstatements="13" conditionals="6" coveredconditionals="2" methods="5" coveredmethods="2" elements="32" coveredelements="17" complexity="0" loc="21" ncloc="21" packages="1" files="2" classes="2"/>
    <file name="auth.js" path="C:\Users\fauza\Documents\Bootcamp FSW Binar Academy\Chapter 11\Challenge\BE\challenge-11-team-1-be\middlewares\auth.js">
      <metrics statements="12" coveredstatements="10" conditionals="4" coveredconditionals="2" methods="2" coveredmethods="2"/>
      <line num="1" count="1" type="stmt"/>
      <line num="3" count="1" type="stmt"/>
      <line num="4" count="1" type="stmt"/>
      <line num="5" count="1" type="cond" truecount="1" falsecount="1"/>
      <line num="6" count="1" type="stmt"/>
      <line num="7" count="1" type="stmt"/>
      <line num="8" count="1" type="cond" truecount="1" falsecount="1"/>
      <line num="9" count="0" type="stmt"/>
      <line num="11" count="1" type="stmt"/>
      <line num="12" count="1" type="stmt"/>
      <line num="15" count="0" type="stmt"/>
      <line num="19" count="1" type="stmt"/>
    </file>
    <file name="upload.js" path="C:\Users\fauza\Documents\Bootcamp FSW Binar Academy\Chapter 11\Challenge\BE\challenge-11-team-1-be\middlewares\upload.js">
      <metrics statements="9" coveredstatements="3" conditionals="2" coveredconditionals="0" methods="3" coveredmethods="0"/>
      <line num="2" count="1" type="stmt"/>
      <line num="4" count="1" type="stmt"/>
      <line num="7" count="0" type="stmt"/>
      <line num="10" count="0" type="stmt"/>
      <line num="11" count="0" type="stmt"/>
      <line num="19" count="0" type="cond" truecount="0" falsecount="2"/>
      <line num="20" count="0" type="stmt"/>
      <line num="22" count="0" type="stmt"/>
      <line num="27" count="1" type="stmt"/>
    </file>
  </project>
</coverage>
