{"C:\\Users\\fauza\\Documents\\Bootcamp FSW Binar Academy\\Chapter 11\\Challenge\\BE\\challenge-11-team-1-be\\Controllers\\ForgotPassword.js": {"path":"C:\\Users\\fauza\\Documents\\Bootcamp FSW Binar Academy\\Chapter 11\\Challenge\\BE\\challenge-11-team-1-be\\Controllers\\ForgotPassword.js","statementMap":{"0":{"start":{"line":1,"column":25},"end":{"line":1,"column":50}},"1":{"start":{"line":2,"column":15},"end":{"line":2,"column":33}},"2":{"start":{"line":3,"column":15},"end":{"line":3,"column":32}},"3":{"start":{"line":4,"column":12},"end":{"line":4,"column":35}},"4":{"start":{"line":5,"column":15},"end":{"line":5,"column":32}},"5":{"start":{"line":7,"column":23},"end":{"line":23,"column":1}},"6":{"start":{"line":9,"column":20},"end":{"line":9,"column":28}},"7":{"start":{"line":10,"column":20},"end":{"line":14,"column":4}},"8":{"start":{"line":16,"column":2},"end":{"line":17,"column":72}},"9":{"start":{"line":17,"column":4},"end":{"line":17,"column":72}}},"fnMap":{"0":{"name":"(anonymous_0)","decl":{"start":{"line":7,"column":23},"end":{"line":7,"column":24}},"loc":{"start":{"line":7,"column":43},"end":{"line":23,"column":1}},"line":7}},"branchMap":{"0":{"loc":{"start":{"line":16,"column":2},"end":{"line":17,"column":72}},"type":"if","locations":[{"start":{"line":16,"column":2},"end":{"line":17,"column":72}},{"start":{},"end":{}}],"line":16}},"s":{"0":1,"1":1,"2":1,"3":1,"4":1,"5":1,"6":0,"7":0,"8":0,"9":0},"f":{"0":0},"b":{"0":[0,0]},"_coverageSchema":"1a1c01bbd47fc00a2c39e90264f33305004495a9","hash":"8dbc9f0fba12376c3562c5e0a061e490cf466e11"}
,"C:\\Users\\fauza\\Documents\\Bootcamp FSW Binar Academy\\Chapter 11\\Challenge\\BE\\challenge-11-team-1-be\\Controllers\\Game.controller.js": {"path":"C:\\Users\\fauza\\Documents\\Bootcamp FSW Binar Academy\\Chapter 11\\Challenge\\BE\\challenge-11-team-1-be\\Controllers\\Game.controller.js","statementMap":{"0":{"start":{"line":1,"column":25},"end":{"line":1,"column":50}},"1":{"start":{"line":3,"column":15},"end":{"line":3,"column":33}},"2":{"start":{"line":5,"column":19},"end":{"line":31,"column":1}},"3":{"start":{"line":6,"column":69},"end":{"line":6,"column":77}},"4":{"start":{"line":8,"column":2},"end":{"line":30,"column":3}},"5":{"start":{"line":9,"column":17},"end":{"line":17,"column":6}},"6":{"start":{"line":19,"column":4},"end":{"line":23,"column":5}},"7":{"start":{"line":20,"column":6},"end":{"line":22,"column":9}},"8":{"start":{"line":24,"column":4},"end":{"line":27,"column":7}},"9":{"start":{"line":29,"column":4},"end":{"line":29,"column":60}},"10":{"start":{"line":34,"column":2},"end":{"line":48,"column":3}},"11":{"start":{"line":35,"column":18},"end":{"line":35,"column":46}},"12":{"start":{"line":36,"column":4},"end":{"line":41,"column":5}},"13":{"start":{"line":37,"column":6},"end":{"line":40,"column":9}},"14":{"start":{"line":42,"column":4},"end":{"line":45,"column":7}},"15":{"start":{"line":47,"column":4},"end":{"line":47,"column":23}},"16":{"start":{"line":51,"column":17},"end":{"line":51,"column":27}},"17":{"start":{"line":52,"column":2},"end":{"line":66,"column":3}},"18":{"start":{"line":53,"column":18},"end":{"line":55,"column":6}},"19":{"start":{"line":56,"column":4},"end":{"line":60,"column":5}},"20":{"start":{"line":57,"column":6},"end":{"line":59,"column":9}},"21":{"start":{"line":61,"column":4},"end":{"line":63,"column":64}},"22":{"start":{"line":65,"column":4},"end":{"line":65,"column":23}},"23":{"start":{"line":69,"column":20},"end":{"line":93,"column":1}},"24":{"start":{"line":70,"column":17},"end":{"line":70,"column":27}},"25":{"start":{"line":71,"column":2},"end":{"line":92,"column":3}},"26":{"start":{"line":72,"column":20},"end":{"line":76,"column":6}},"27":{"start":{"line":78,"column":24},"end":{"line":78,"column":44}},"28":{"start":{"line":79,"column":17},"end":{"line":86,"column":6}},"29":{"start":{"line":87,"column":4},"end":{"line":89,"column":70}},"30":{"start":{"line":91,"column":4},"end":{"line":91,"column":31}},"31":{"start":{"line":116,"column":0},"end":{"line":121,"column":2}}},"fnMap":{"0":{"name":"(anonymous_0)","decl":{"start":{"line":5,"column":19},"end":{"line":5,"column":20}},"loc":{"start":{"line":5,"column":39},"end":{"line":31,"column":1}},"line":5},"1":{"name":"getRooms","decl":{"start":{"line":33,"column":15},"end":{"line":33,"column":23}},"loc":{"start":{"line":33,"column":40},"end":{"line":49,"column":1}},"line":33},"2":{"name":"getRoomById","decl":{"start":{"line":50,"column":15},"end":{"line":50,"column":26}},"loc":{"start":{"line":50,"column":43},"end":{"line":67,"column":1}},"line":50},"3":{"name":"(anonymous_3)","decl":{"start":{"line":69,"column":20},"end":{"line":69,"column":21}},"loc":{"start":{"line":69,"column":40},"end":{"line":93,"column":1}},"line":69}},"branchMap":{"0":{"loc":{"start":{"line":19,"column":4},"end":{"line":23,"column":5}},"type":"if","locations":[{"start":{"line":19,"column":4},"end":{"line":23,"column":5}},{"start":{},"end":{}}],"line":19},"1":{"loc":{"start":{"line":36,"column":4},"end":{"line":41,"column":5}},"type":"if","locations":[{"start":{"line":36,"column":4},"end":{"line":41,"column":5}},{"start":{},"end":{}}],"line":36},"2":{"loc":{"start":{"line":56,"column":4},"end":{"line":60,"column":5}},"type":"if","locations":[{"start":{"line":56,"column":4},"end":{"line":60,"column":5}},{"start":{},"end":{}}],"line":56}},"s":{"0":1,"1":1,"2":1,"3":1,"4":1,"5":1,"6":0,"7":0,"8":0,"9":1,"10":3,"11":3,"12":0,"13":0,"14":0,"15":3,"16":0,"17":0,"18":0,"19":0,"20":0,"21":0,"22":0,"23":1,"24":0,"25":0,"26":0,"27":0,"28":0,"29":0,"30":0,"31":1},"f":{"0":1,"1":3,"2":0,"3":0},"b":{"0":[0,0],"1":[0,0],"2":[0,0]},"_coverageSchema":"1a1c01bbd47fc00a2c39e90264f33305004495a9","hash":"2c3d525b13ce8e9d97cc809e674c734cd6e76837"}
,"C:\\Users\\fauza\\Documents\\Bootcamp FSW Binar Academy\\Chapter 11\\Challenge\\BE\\challenge-11-team-1-be\\Controllers\\History.controller.js": {"path":"C:\\Users\\fauza\\Documents\\Bootcamp FSW Binar Academy\\Chapter 11\\Challenge\\BE\\challenge-11-team-1-be\\Controllers\\History.controller.js","statementMap":{"0":{"start":{"line":1,"column":25},"end":{"line":1,"column":50}},"1":{"start":{"line":3,"column":15},"end":{"line":3,"column":33}},"2":{"start":{"line":5,"column":20},"end":{"line":40,"column":1}},"3":{"start":{"line":6,"column":62},"end":{"line":6,"column":70}},"4":{"start":{"line":8,"column":2},"end":{"line":39,"column":3}},"5":{"start":{"line":9,"column":19},"end":{"line":16,"column":6}},"6":{"start":{"line":17,"column":4},"end":{"line":24,"column":5}},"7":{"start":{"line":18,"column":6},"end":{"line":23,"column":9}},"8":{"start":{"line":25,"column":4},"end":{"line":31,"column":7}},"9":{"start":{"line":33,"column":4},"end":{"line":38,"column":7}},"10":{"start":{"line":42,"column":19},"end":{"line":78,"column":1}},"11":{"start":{"line":43,"column":22},"end":{"line":43,"column":32}},"12":{"start":{"line":44,"column":2},"end":{"line":48,"column":3}},"13":{"start":{"line":45,"column":4},"end":{"line":47,"column":68}},"14":{"start":{"line":49,"column":2},"end":{"line":77,"column":3}},"15":{"start":{"line":50,"column":20},"end":{"line":54,"column":6}},"16":{"start":{"line":55,"column":4},"end":{"line":62,"column":5}},"17":{"start":{"line":56,"column":6},"end":{"line":61,"column":9}},"18":{"start":{"line":63,"column":4},"end":{"line":69,"column":7}},"19":{"start":{"line":71,"column":4},"end":{"line":76,"column":7}},"20":{"start":{"line":80,"column":0},"end":{"line":83,"column":2}}},"fnMap":{"0":{"name":"(anonymous_0)","decl":{"start":{"line":5,"column":20},"end":{"line":5,"column":21}},"loc":{"start":{"line":5,"column":40},"end":{"line":40,"column":1}},"line":5},"1":{"name":"(anonymous_1)","decl":{"start":{"line":42,"column":19},"end":{"line":42,"column":20}},"loc":{"start":{"line":42,"column":39},"end":{"line":78,"column":1}},"line":42}},"branchMap":{"0":{"loc":{"start":{"line":17,"column":4},"end":{"line":24,"column":5}},"type":"if","locations":[{"start":{"line":17,"column":4},"end":{"line":24,"column":5}},{"start":{},"end":{}}],"line":17},"1":{"loc":{"start":{"line":44,"column":2},"end":{"line":48,"column":3}},"type":"if","locations":[{"start":{"line":44,"column":2},"end":{"line":48,"column":3}},{"start":{},"end":{}}],"line":44},"2":{"loc":{"start":{"line":55,"column":4},"end":{"line":62,"column":5}},"type":"if","locations":[{"start":{"line":55,"column":4},"end":{"line":62,"column":5}},{"start":{},"end":{}}],"line":55},"3":{"loc":{"start":{"line":55,"column":8},"end":{"line":55,"column":40}},"type":"binary-expr","locations":[{"start":{"line":55,"column":8},"end":{"line":55,"column":16}},{"start":{"line":55,"column":20},"end":{"line":55,"column":40}}],"line":55}},"s":{"0":1,"1":1,"2":1,"3":0,"4":0,"5":0,"6":0,"7":0,"8":0,"9":0,"10":1,"11":1,"12":1,"13":1,"14":0,"15":0,"16":0,"17":0,"18":0,"19":0,"20":1},"f":{"0":0,"1":1},"b":{"0":[0,0],"1":[1,0],"2":[0,0],"3":[0,0]},"_coverageSchema":"1a1c01bbd47fc00a2c39e90264f33305004495a9","hash":"e456e8895f681242730383143abbb8ff02838472"}
,"C:\\Users\\fauza\\Documents\\Bootcamp FSW Binar Academy\\Chapter 11\\Challenge\\BE\\challenge-11-team-1-be\\Controllers\\Login.controller.js": {"path":"C:\\Users\\fauza\\Documents\\Bootcamp FSW Binar Academy\\Chapter 11\\Challenge\\BE\\challenge-11-team-1-be\\Controllers\\Login.controller.js","statementMap":{"0":{"start":{"line":1,"column":25},"end":{"line":1,"column":50}},"1":{"start":{"line":2,"column":12},"end":{"line":2,"column":35}},"2":{"start":{"line":3,"column":15},"end":{"line":3,"column":32}},"3":{"start":{"line":5,"column":15},"end":{"line":5,"column":33}},"4":{"start":{"line":7,"column":33},"end":{"line":7,"column":41}},"5":{"start":{"line":8,"column":2},"end":{"line":47,"column":3}},"6":{"start":{"line":9,"column":4},"end":{"line":11,"column":5}},"7":{"start":{"line":10,"column":6},"end":{"line":10,"column":68}},"8":{"start":{"line":12,"column":4},"end":{"line":14,"column":5}},"9":{"start":{"line":13,"column":6},"end":{"line":13,"column":72}},"10":{"start":{"line":15,"column":17},"end":{"line":19,"column":6}},"11":{"start":{"line":20,"column":4},"end":{"line":20,"column":80}},"12":{"start":{"line":20,"column":15},"end":{"line":20,"column":80}},"13":{"start":{"line":21,"column":20},"end":{"line":21,"column":65}},"14":{"start":{"line":22,"column":4},"end":{"line":26,"column":5}},"15":{"start":{"line":23,"column":6},"end":{"line":25,"column":65}},"16":{"start":{"line":27,"column":18},"end":{"line":39,"column":5}},"17":{"start":{"line":40,"column":4},"end":{"line":44,"column":7}},"18":{"start":{"line":46,"column":4},"end":{"line":46,"column":35}},"19":{"start":{"line":49,"column":0},"end":{"line":49,"column":23}}},"fnMap":{"0":{"name":"login","decl":{"start":{"line":6,"column":15},"end":{"line":6,"column":20}},"loc":{"start":{"line":6,"column":31},"end":{"line":48,"column":1}},"line":6}},"branchMap":{"0":{"loc":{"start":{"line":9,"column":4},"end":{"line":11,"column":5}},"type":"if","locations":[{"start":{"line":9,"column":4},"end":{"line":11,"column":5}},{"start":{},"end":{}}],"line":9},"1":{"loc":{"start":{"line":12,"column":4},"end":{"line":14,"column":5}},"type":"if","locations":[{"start":{"line":12,"column":4},"end":{"line":14,"column":5}},{"start":{},"end":{}}],"line":12},"2":{"loc":{"start":{"line":20,"column":4},"end":{"line":20,"column":80}},"type":"if","locations":[{"start":{"line":20,"column":4},"end":{"line":20,"column":80}},{"start":{},"end":{}}],"line":20},"3":{"loc":{"start":{"line":22,"column":4},"end":{"line":26,"column":5}},"type":"if","locations":[{"start":{"line":22,"column":4},"end":{"line":26,"column":5}},{"start":{},"end":{}}],"line":22}},"s":{"0":1,"1":1,"2":1,"3":1,"4":6,"5":6,"6":6,"7":6,"8":0,"9":0,"10":0,"11":0,"12":0,"13":0,"14":0,"15":0,"16":0,"17":0,"18":0,"19":1},"f":{"0":6},"b":{"0":[6,0],"1":[0,0],"2":[0,0],"3":[0,0]},"_coverageSchema":"1a1c01bbd47fc00a2c39e90264f33305004495a9","hash":"66acd808bc51b4cc3d3ad9e4d65d7d7dcccb2f58"}
,"C:\\Users\\fauza\\Documents\\Bootcamp FSW Binar Academy\\Chapter 11\\Challenge\\BE\\challenge-11-team-1-be\\Controllers\\Upload.controller.js": {"path":"C:\\Users\\fauza\\Documents\\Bootcamp FSW Binar Academy\\Chapter 11\\Challenge\\BE\\challenge-11-team-1-be\\Controllers\\Upload.controller.js","statementMap":{"0":{"start":{"line":3,"column":19},"end":{"line":3,"column":43}},"1":{"start":{"line":4,"column":25},"end":{"line":4,"column":50}},"2":{"start":{"line":6,"column":15},"end":{"line":6,"column":33}},"3":{"start":{"line":7,"column":0},"end":{"line":11,"column":3}},"4":{"start":{"line":13,"column":20},"end":{"line":38,"column":1}},"5":{"start":{"line":14,"column":17},"end":{"line":14,"column":27}},"6":{"start":{"line":15,"column":2},"end":{"line":37,"column":3}},"7":{"start":{"line":16,"column":4},"end":{"line":18,"column":5}},"8":{"start":{"line":17,"column":6},"end":{"line":17,"column":67}},"9":{"start":{"line":19,"column":4},"end":{"line":34,"column":7}},"10":{"start":{"line":20,"column":6},"end":{"line":23,"column":7}},"11":{"start":{"line":21,"column":8},"end":{"line":21,"column":61}},"12":{"start":{"line":22,"column":8},"end":{"line":22,"column":73}},"13":{"start":{"line":24,"column":21},"end":{"line":31,"column":8}},"14":{"start":{"line":33,"column":6},"end":{"line":33,"column":79}},"15":{"start":{"line":36,"column":4},"end":{"line":36,"column":60}},"16":{"start":{"line":40,"column":0},"end":{"line":40,"column":33}}},"fnMap":{"0":{"name":"(anonymous_0)","decl":{"start":{"line":13,"column":20},"end":{"line":13,"column":21}},"loc":{"start":{"line":13,"column":40},"end":{"line":38,"column":1}},"line":13},"1":{"name":"(anonymous_1)","decl":{"start":{"line":19,"column":53},"end":{"line":19,"column":54}},"loc":{"start":{"line":19,"column":76},"end":{"line":34,"column":5}},"line":19}},"branchMap":{"0":{"loc":{"start":{"line":16,"column":4},"end":{"line":18,"column":5}},"type":"if","locations":[{"start":{"line":16,"column":4},"end":{"line":18,"column":5}},{"start":{},"end":{}}],"line":16},"1":{"loc":{"start":{"line":20,"column":6},"end":{"line":23,"column":7}},"type":"if","locations":[{"start":{"line":20,"column":6},"end":{"line":23,"column":7}},{"start":{},"end":{}}],"line":20}},"s":{"0":1,"1":1,"2":1,"3":1,"4":1,"5":4,"6":0,"7":0,"8":0,"9":0,"10":0,"11":0,"12":0,"13":0,"14":0,"15":0,"16":1},"f":{"0":4,"1":0},"b":{"0":[0,0],"1":[0,0]},"_coverageSchema":"1a1c01bbd47fc00a2c39e90264f33305004495a9","hash":"0195aaf4c8938ae8b58438c171174f06bf1b8cd5"}
,"C:\\Users\\fauza\\Documents\\Bootcamp FSW Binar Academy\\Chapter 11\\Challenge\\BE\\challenge-11-team-1-be\\Controllers\\User.controller.js": {"path":"C:\\Users\\fauza\\Documents\\Bootcamp FSW Binar Academy\\Chapter 11\\Challenge\\BE\\challenge-11-team-1-be\\Controllers\\User.controller.js","statementMap":{"0":{"start":{"line":2,"column":25},"end":{"line":2,"column":50}},"1":{"start":{"line":4,"column":15},"end":{"line":4,"column":33}},"2":{"start":{"line":5,"column":15},"end":{"line":5,"column":32}},"3":{"start":{"line":7,"column":17},"end":{"line":43,"column":1}},"4":{"start":{"line":9,"column":4},"end":{"line":9,"column":12}},"5":{"start":{"line":10,"column":2},"end":{"line":42,"column":3}},"6":{"start":{"line":11,"column":27},"end":{"line":11,"column":58}},"7":{"start":{"line":13,"column":19},"end":{"line":23,"column":6}},"8":{"start":{"line":25,"column":4},"end":{"line":30,"column":5}},"9":{"start":{"line":26,"column":6},"end":{"line":29,"column":9}},"10":{"start":{"line":31,"column":4},"end":{"line":36,"column":5}},"11":{"start":{"line":32,"column":6},"end":{"line":35,"column":9}},"12":{"start":{"line":37,"column":4},"end":{"line":39,"column":7}},"13":{"start":{"line":41,"column":4},"end":{"line":41,"column":56}},"14":{"start":{"line":46,"column":2},"end":{"line":61,"column":3}},"15":{"start":{"line":47,"column":20},"end":{"line":47,"column":48}},"16":{"start":{"line":49,"column":4},"end":{"line":54,"column":5}},"17":{"start":{"line":50,"column":6},"end":{"line":53,"column":9}},"18":{"start":{"line":55,"column":4},"end":{"line":58,"column":7}},"19":{"start":{"line":60,"column":4},"end":{"line":60,"column":23}},"20":{"start":{"line":65,"column":17},"end":{"line":65,"column":27}},"21":{"start":{"line":66,"column":2},"end":{"line":80,"column":3}},"22":{"start":{"line":67,"column":20},"end":{"line":69,"column":6}},"23":{"start":{"line":70,"column":4},"end":{"line":74,"column":5}},"24":{"start":{"line":71,"column":6},"end":{"line":73,"column":9}},"25":{"start":{"line":75,"column":4},"end":{"line":77,"column":68}},"26":{"start":{"line":79,"column":4},"end":{"line":79,"column":23}},"27":{"start":{"line":84,"column":2},"end":{"line":106,"column":3}},"28":{"start":{"line":85,"column":19},"end":{"line":85,"column":29}},"29":{"start":{"line":86,"column":60},"end":{"line":86,"column":68}},"30":{"start":{"line":88,"column":23},"end":{"line":97,"column":6}},"31":{"start":{"line":99,"column":4},"end":{"line":103,"column":7}},"32":{"start":{"line":105,"column":4},"end":{"line":105,"column":23}},"33":{"start":{"line":110,"column":17},"end":{"line":110,"column":27}},"34":{"start":{"line":111,"column":2},"end":{"line":128,"column":3}},"35":{"start":{"line":112,"column":26},"end":{"line":112,"column":34}},"36":{"start":{"line":113,"column":19},"end":{"line":120,"column":6}},"37":{"start":{"line":121,"column":4},"end":{"line":123,"column":73}},"38":{"start":{"line":125,"column":4},"end":{"line":127,"column":7}},"39":{"start":{"line":132,"column":17},"end":{"line":132,"column":27}},"40":{"start":{"line":133,"column":2},"end":{"line":145,"column":3}},"41":{"start":{"line":134,"column":20},"end":{"line":138,"column":6}},"42":{"start":{"line":139,"column":4},"end":{"line":141,"column":5}},"43":{"start":{"line":140,"column":6},"end":{"line":140,"column":54}},"44":{"start":{"line":142,"column":4},"end":{"line":142,"column":61}},"45":{"start":{"line":144,"column":4},"end":{"line":144,"column":41}},"46":{"start":{"line":148,"column":0},"end":{"line":155,"column":2}}},"fnMap":{"0":{"name":"(anonymous_0)","decl":{"start":{"line":7,"column":17},"end":{"line":7,"column":18}},"loc":{"start":{"line":7,"column":37},"end":{"line":43,"column":1}},"line":7},"1":{"name":"getPlayers","decl":{"start":{"line":45,"column":15},"end":{"line":45,"column":25}},"loc":{"start":{"line":45,"column":42},"end":{"line":62,"column":1}},"line":45},"2":{"name":"getPlayerById","decl":{"start":{"line":64,"column":15},"end":{"line":64,"column":28}},"loc":{"start":{"line":64,"column":45},"end":{"line":81,"column":1}},"line":64},"3":{"name":"updatePlayer","decl":{"start":{"line":83,"column":15},"end":{"line":83,"column":27}},"loc":{"start":{"line":83,"column":38},"end":{"line":107,"column":1}},"line":83},"4":{"name":"updateImage","decl":{"start":{"line":109,"column":15},"end":{"line":109,"column":26}},"loc":{"start":{"line":109,"column":37},"end":{"line":129,"column":1}},"line":109},"5":{"name":"deletePlayer","decl":{"start":{"line":131,"column":15},"end":{"line":131,"column":27}},"loc":{"start":{"line":131,"column":38},"end":{"line":146,"column":1}},"line":131}},"branchMap":{"0":{"loc":{"start":{"line":25,"column":4},"end":{"line":30,"column":5}},"type":"if","locations":[{"start":{"line":25,"column":4},"end":{"line":30,"column":5}},{"start":{},"end":{}}],"line":25},"1":{"loc":{"start":{"line":25,"column":8},"end":{"line":25,"column":27}},"type":"binary-expr","locations":[{"start":{"line":25,"column":8},"end":{"line":25,"column":14}},{"start":{"line":25,"column":18},"end":{"line":25,"column":27}}],"line":25},"2":{"loc":{"start":{"line":31,"column":4},"end":{"line":36,"column":5}},"type":"if","locations":[{"start":{"line":31,"column":4},"end":{"line":36,"column":5}},{"start":{},"end":{}}],"line":31},"3":{"loc":{"start":{"line":49,"column":4},"end":{"line":54,"column":5}},"type":"if","locations":[{"start":{"line":49,"column":4},"end":{"line":54,"column":5}},{"start":{},"end":{}}],"line":49},"4":{"loc":{"start":{"line":70,"column":4},"end":{"line":74,"column":5}},"type":"if","locations":[{"start":{"line":70,"column":4},"end":{"line":74,"column":5}},{"start":{},"end":{}}],"line":70},"5":{"loc":{"start":{"line":139,"column":4},"end":{"line":141,"column":5}},"type":"if","locations":[{"start":{"line":139,"column":4},"end":{"line":141,"column":5}},{"start":{},"end":{}}],"line":139}},"s":{"0":1,"1":1,"2":1,"3":1,"4":1,"5":1,"6":1,"7":1,"8":0,"9":0,"10":0,"11":0,"12":0,"13":1,"14":1,"15":1,"16":0,"17":0,"18":0,"19":1,"20":1,"21":1,"22":1,"23":0,"24":0,"25":0,"26":1,"27":1,"28":1,"29":1,"30":1,"31":0,"32":1,"33":1,"34":1,"35":1,"36":1,"37":0,"38":1,"39":1,"40":1,"41":1,"42":0,"43":0,"44":0,"45":1,"46":1},"f":{"0":1,"1":1,"2":1,"3":1,"4":1,"5":1},"b":{"0":[0,0],"1":[0,0],"2":[0,0],"3":[0,0],"4":[0,0],"5":[0,0]},"_coverageSchema":"1a1c01bbd47fc00a2c39e90264f33305004495a9","hash":"22ef4d82067e50aa2238b171019e82925b3b323a"}
,"C:\\Users\\fauza\\Documents\\Bootcamp FSW Binar Academy\\Chapter 11\\Challenge\\BE\\challenge-11-team-1-be\\middlewares\\auth.js": {"path":"C:\\Users\\fauza\\Documents\\Bootcamp FSW Binar Academy\\Chapter 11\\Challenge\\BE\\challenge-11-team-1-be\\middlewares\\auth.js","statementMap":{"0":{"start":{"line":1,"column":12},"end":{"line":1,"column":35}},"1":{"start":{"line":3,"column":17},"end":{"line":17,"column":1}},"2":{"start":{"line":4,"column":21},"end":{"line":4,"column":46}},"3":{"start":{"line":5,"column":2},"end":{"line":16,"column":3}},"4":{"start":{"line":6,"column":18},"end":{"line":6,"column":42}},"5":{"start":{"line":7,"column":4},"end":{"line":13,"column":7}},"6":{"start":{"line":8,"column":6},"end":{"line":10,"column":7}},"7":{"start":{"line":9,"column":8},"end":{"line":9,"column":75}},"8":{"start":{"line":11,"column":6},"end":{"line":11,"column":22}},"9":{"start":{"line":12,"column":6},"end":{"line":12,"column":13}},"10":{"start":{"line":15,"column":4},"end":{"line":15,"column":74}},"11":{"start":{"line":19,"column":0},"end":{"line":19,"column":26}}},"fnMap":{"0":{"name":"(anonymous_0)","decl":{"start":{"line":3,"column":17},"end":{"line":3,"column":18}},"loc":{"start":{"line":3,"column":37},"end":{"line":17,"column":1}},"line":3},"1":{"name":"(anonymous_1)","decl":{"start":{"line":7,"column":41},"end":{"line":7,"column":42}},"loc":{"start":{"line":7,"column":56},"end":{"line":13,"column":5}},"line":7}},"branchMap":{"0":{"loc":{"start":{"line":5,"column":2},"end":{"line":16,"column":3}},"type":"if","locations":[{"start":{"line":5,"column":2},"end":{"line":16,"column":3}},{"start":{"line":14,"column":9},"end":{"line":16,"column":3}}],"line":5},"1":{"loc":{"start":{"line":8,"column":6},"end":{"line":10,"column":7}},"type":"if","locations":[{"start":{"line":8,"column":6},"end":{"line":10,"column":7}},{"start":{},"end":{}}],"line":8}},"s":{"0":1,"1":1,"2":3,"3":3,"4":2,"5":2,"6":2,"7":0,"8":2,"9":2,"10":1,"11":1},"f":{"0":3,"1":2},"b":{"0":[2,1],"1":[0,2]},"_coverageSchema":"1a1c01bbd47fc00a2c39e90264f33305004495a9","hash":"fae1b98c671cf0bfb669b139aacdda3468bf1974"}
,"C:\\Users\\fauza\\Documents\\Bootcamp FSW Binar Academy\\Chapter 11\\Challenge\\BE\\challenge-11-team-1-be\\middlewares\\upload.js": {"path":"C:\\Users\\fauza\\Documents\\Bootcamp FSW Binar Academy\\Chapter 11\\Challenge\\BE\\challenge-11-team-1-be\\middlewares\\upload.js","statementMap":{"0":{"start":{"line":2,"column":15},"end":{"line":2,"column":32}},"1":{"start":{"line":4,"column":15},"end":{"line":25,"column":2}},"2":{"start":{"line":7,"column":6},"end":{"line":7,"column":27}},"3":{"start":{"line":10,"column":27},"end":{"line":10,"column":77}},"4":{"start":{"line":11,"column":6},"end":{"line":11,"column":52}},"5":{"start":{"line":19,"column":4},"end":{"line":23,"column":5}},"6":{"start":{"line":20,"column":6},"end":{"line":20,"column":21}},"7":{"start":{"line":22,"column":6},"end":{"line":22,"column":53}},"8":{"start":{"line":27,"column":0},"end":{"line":27,"column":24}}},"fnMap":{"0":{"name":"(anonymous_0)","decl":{"start":{"line":6,"column":4},"end":{"line":6,"column":5}},"loc":{"start":{"line":6,"column":31},"end":{"line":8,"column":5}},"line":6},"1":{"name":"(anonymous_1)","decl":{"start":{"line":9,"column":4},"end":{"line":9,"column":5}},"loc":{"start":{"line":9,"column":28},"end":{"line":12,"column":5}},"line":9},"2":{"name":"(anonymous_2)","decl":{"start":{"line":17,"column":2},"end":{"line":17,"column":3}},"loc":{"start":{"line":17,"column":28},"end":{"line":24,"column":3}},"line":17}},"branchMap":{"0":{"loc":{"start":{"line":19,"column":4},"end":{"line":23,"column":5}},"type":"if","locations":[{"start":{"line":19,"column":4},"end":{"line":23,"column":5}},{"start":{"line":21,"column":11},"end":{"line":23,"column":5}}],"line":19}},"s":{"0":1,"1":1,"2":0,"3":0,"4":0,"5":0,"6":0,"7":0,"8":1},"f":{"0":0,"1":0,"2":0},"b":{"0":[0,0]},"_coverageSchema":"1a1c01bbd47fc00a2c39e90264f33305004495a9","hash":"d1ef731a099492e2b3f2fee16669b9677f4b95d8"}
}
