TN:
SF:Controllers\ForgotPassword.js
FN:7,(anonymous_0)
FNF:1
FNH:0
FNDA:0,(anonymous_0)
DA:1,1
DA:2,1
DA:3,1
DA:4,1
DA:5,1
DA:7,1
DA:9,0
DA:10,0
DA:16,0
DA:17,0
LF:10
LH:6
BRDA:16,0,0,0
BRDA:16,0,1,0
BRF:2
BRH:0
end_of_record
TN:
SF:Controllers\Game.controller.js
FN:5,(anonymous_0)
FN:33,getRooms
FN:50,getRoomById
FN:69,(anonymous_3)
FNF:4
FNH:2
FNDA:1,(anonymous_0)
FNDA:3,getRooms
FNDA:0,getRoomById
FNDA:0,(anonymous_3)
DA:1,1
DA:3,1
DA:5,1
DA:6,1
DA:8,1
DA:9,1
DA:19,0
DA:20,0
DA:24,0
DA:29,1
DA:34,3
DA:35,3
DA:36,0
DA:37,0
DA:42,0
DA:47,3
DA:51,0
DA:52,0
DA:53,0
DA:56,0
DA:57,0
DA:61,0
DA:65,0
DA:69,1
DA:70,0
DA:71,0
DA:72,0
DA:78,0
DA:79,0
DA:87,0
DA:91,0
DA:116,1
LF:32
LH:12
BRDA:19,0,0,0
BRDA:19,0,1,0
BRDA:36,1,0,0
BRDA:36,1,1,0
BRDA:56,2,0,0
BRDA:56,2,1,0
BRF:6
BRH:0
end_of_record
TN:
SF:Controllers\History.controller.js
FN:5,(anonymous_0)
FN:42,(anonymous_1)
FNF:2
FNH:1
FNDA:0,(anonymous_0)
FNDA:1,(anonymous_1)
DA:1,1
DA:3,1
DA:5,1
DA:6,0
DA:8,0
DA:9,0
DA:17,0
DA:18,0
DA:25,0
DA:33,0
DA:42,1
DA:43,1
DA:44,1
DA:45,1
DA:49,0
DA:50,0
DA:55,0
DA:56,0
DA:63,0
DA:71,0
DA:80,1
LF:21
LH:8
BRDA:17,0,0,0
BRDA:17,0,1,0
BRDA:44,1,0,1
BRDA:44,1,1,0
BRDA:55,2,0,0
BRDA:55,2,1,0
BRDA:55,3,0,0
BRDA:55,3,1,0
BRF:8
BRH:1
end_of_record
TN:
SF:Controllers\Login.controller.js
FN:6,login
FNF:1
FNH:1
FNDA:6,login
DA:1,1
DA:2,1
DA:3,1
DA:5,1
DA:7,6
DA:8,6
DA:9,6
DA:10,6
DA:12,0
DA:13,0
DA:15,0
DA:20,0
DA:21,0
DA:22,0
DA:23,0
DA:27,0
DA:40,0
DA:46,0
DA:49,1
LF:19
LH:9
BRDA:9,0,0,6
BRDA:9,0,1,0
BRDA:12,1,0,0
BRDA:12,1,1,0
BRDA:20,2,0,0
BRDA:20,2,1,0
BRDA:22,3,0,0
BRDA:22,3,1,0
BRF:8
BRH:1
end_of_record
TN:
SF:Controllers\Upload.controller.js
FN:13,(anonymous_0)
FN:19,(anonymous_1)
FNF:2
FNH:1
FNDA:4,(anonymous_0)
FNDA:0,(anonymous_1)
DA:3,1
DA:4,1
DA:6,1
DA:7,1
DA:13,1
DA:14,4
DA:15,0
DA:16,0
DA:17,0
DA:19,0
DA:20,0
DA:21,0
DA:22,0
DA:24,0
DA:33,0
DA:36,0
DA:40,1
LF:17
LH:7
BRDA:16,0,0,0
BRDA:16,0,1,0
BRDA:20,1,0,0
BRDA:20,1,1,0
BRF:4
BRH:0
end_of_record
TN:
SF:Controllers\User.controller.js
FN:7,(anonymous_0)
FN:45,getPlayers
FN:64,getPlayerById
FN:83,updatePlayer
FN:109,updateImage
FN:131,deletePlayer
FNF:6
FNH:6
FNDA:1,(anonymous_0)
FNDA:1,getPlayers
FNDA:1,getPlayerById
FNDA:1,updatePlayer
FNDA:1,updateImage
FNDA:1,deletePlayer
DA:2,1
DA:4,1
DA:5,1
DA:7,1
DA:9,1
DA:10,1
DA:11,1
DA:13,1
DA:25,0
DA:26,0
DA:31,0
DA:32,0
DA:37,0
DA:41,1
DA:46,1
DA:47,1
DA:49,0
DA:50,0
DA:55,0
DA:60,1
DA:65,1
DA:66,1
DA:67,1
DA:70,0
DA:71,0
DA:75,0
DA:79,1
DA:84,1
DA:85,1
DA:86,1
DA:88,1
DA:99,0
DA:105,1
DA:110,1
DA:111,1
DA:112,1
DA:113,1
DA:121,0
DA:125,1
DA:132,1
DA:133,1
DA:134,1
DA:139,0
DA:140,0
DA:142,0
DA:144,1
DA:148,1
LF:47
LH:31
BRDA:25,0,0,0
BRDA:25,0,1,0
BRDA:25,1,0,0
BRDA:25,1,1,0
BRDA:31,2,0,0
BRDA:31,2,1,0
BRDA:49,3,0,0
BRDA:49,3,1,0
BRDA:70,4,0,0
BRDA:70,4,1,0
BRDA:139,5,0,0
BRDA:139,5,1,0
BRF:12
BRH:0
end_of_record
TN:
SF:middlewares\auth.js
FN:3,(anonymous_0)
FN:7,(anonymous_1)
FNF:2
FNH:2
FNDA:3,(anonymous_0)
FNDA:2,(anonymous_1)
DA:1,1
DA:3,1
DA:4,3
DA:5,3
DA:6,2
DA:7,2
DA:8,2
DA:9,0
DA:11,2
DA:12,2
DA:15,1
DA:19,1
LF:12
LH:11
BRDA:5,0,0,2
BRDA:5,0,1,1
BRDA:8,1,0,0
BRDA:8,1,1,2
BRF:4
BRH:3
end_of_record
TN:
SF:middlewares\upload.js
FN:6,(anonymous_0)
FN:9,(anonymous_1)
FN:17,(anonymous_2)
FNF:3
FNH:0
FNDA:0,(anonymous_0)
FNDA:0,(anonymous_1)
FNDA:0,(anonymous_2)
DA:2,1
DA:4,1
DA:7,0
DA:10,0
DA:11,0
DA:19,0
DA:20,0
DA:22,0
DA:27,1
LF:9
LH:3
BRDA:19,0,0,0
BRDA:19,0,1,0
BRF:2
BRH:0
end_of_record
